  [1m[36m (42.2ms)[0m  [1mCREATE TABLE "schema_migrations" ("version" character varying(255) NOT NULL) [0m
  [1m[35m (5.5ms)[0m  CREATE UNIQUE INDEX  "unique_schema_migrations" ON "schema_migrations"  ("version")
  [1m[36mActiveRecord::SchemaMigration Load (0.8ms)[0m  [1mSELECT "schema_migrations".* FROM "schema_migrations"[0m
Migrating to CreateUsers (20140912035449)
  [1m[35m (0.2ms)[0m  BEGIN
  [1m[36m (31.1ms)[0m  [1mCREATE TABLE "users" ("id" serial primary key, "oath_token" character varying(255), "gh_username" character varying(255), "created_at" timestamp, "updated_at" timestamp) [0m
  [1m[35mSQL (0.7ms)[0m  INSERT INTO "schema_migrations" ("version") VALUES ($1)  [["version", "20140912035449"]]
  [1m[36m (0.5ms)[0m  [1mCOMMIT[0m
Migrating to CreateGroups (20140912041017)
  [1m[36mActiveRecord::SchemaMigration Load (0.4ms)[0m  [1mSELECT "schema_migrations".* FROM "schema_migrations"[0m
Migrating to CreateGroups (20140912041017)
  [1m[36mActiveRecord::SchemaMigration Load (0.4ms)[0m  [1mSELECT "schema_migrations".* FROM "schema_migrations"[0m
Migrating to CreateGroups (20140912041017)
  [1m[36m (2.3ms)[0m  [1mCREATE TABLE "schema_migrations" ("version" character varying(255) NOT NULL) [0m
  [1m[35m (1.8ms)[0m  CREATE UNIQUE INDEX  "unique_schema_migrations" ON "schema_migrations"  ("version")
  [1m[36mActiveRecord::SchemaMigration Load (0.3ms)[0m  [1mSELECT "schema_migrations".* FROM "schema_migrations"[0m
Migrating to CreateUsers (20140912035449)
  [1m[35m (0.2ms)[0m  BEGIN
  [1m[36m (27.2ms)[0m  [1mCREATE TABLE "users" ("id" serial primary key, "oath_token" character varying(255), "gh_username" character varying(255), "created_at" timestamp, "updated_at" timestamp) [0m
  [1m[35mSQL (6.3ms)[0m  INSERT INTO "schema_migrations" ("version") VALUES ($1)  [["version", "20140912035449"]]
  [1m[36m (5.8ms)[0m  [1mCOMMIT[0m
Migrating to CreateGroups (20140912041017)
  [1m[36mActiveRecord::SchemaMigration Load (0.5ms)[0m  [1mSELECT "schema_migrations".* FROM "schema_migrations"[0m
Migrating to CreateGroups (20140912041017)
  [1m[35m (0.2ms)[0m  BEGIN
  [1m[36m (19.2ms)[0m  [1mCREATE TABLE "groups" ("id" serial primary key, "section" character varying(255), "name" character varying(255), "created_at" timestamp, "updated_at" timestamp) [0m
  [1m[35mSQL (0.7ms)[0m  INSERT INTO "schema_migrations" ("version") VALUES ($1)  [["version", "20140912041017"]]
  [1m[36m (0.4ms)[0m  [1mCOMMIT[0m
Migrating to CreateLunches (20140912041759)
  [1m[35m (5.5ms)[0m  BEGIN
  [1m[36m (15.8ms)[0m  [1mCREATE TABLE "lunches" ("id" serial primary key, "name" character varying(255), "proposed_date" timestamp, "location" character varying(255), "google_map_link" character varying(255), "created_at" timestamp, "updated_at" timestamp) [0m
  [1m[35mSQL (0.2ms)[0m  INSERT INTO "schema_migrations" ("version") VALUES ($1)  [["version", "20140912041759"]]
  [1m[36m (6.3ms)[0m  [1mCOMMIT[0m
Migrating to CreateUsersLunches (20140916025911)
  [1m[35m (5.7ms)[0m  BEGIN
  [1m[36m (0.7ms)[0m  [1mCREATE TABLE "artists_festivals" ("festival_id" integer NOT NULL, "artist_id" integer NOT NULL) [0m
  [1m[35mSQL (0.2ms)[0m  INSERT INTO "schema_migrations" ("version") VALUES ($1)  [["version", "20140916025911"]]
  [1m[36m (6.4ms)[0m  [1mCOMMIT[0m
  [1m[35mActiveRecord::SchemaMigration Load (0.3ms)[0m  SELECT "schema_migrations".* FROM "schema_migrations"
  [1m[36m (3.3ms)[0m  [1mCREATE TABLE "schema_migrations" ("version" character varying(255) NOT NULL) [0m
  [1m[35m (13.2ms)[0m  CREATE UNIQUE INDEX  "unique_schema_migrations" ON "schema_migrations"  ("version")
  [1m[36mActiveRecord::SchemaMigration Load (0.4ms)[0m  [1mSELECT "schema_migrations".* FROM "schema_migrations"[0m
Migrating to CreateUsers (20140912035449)
  [1m[35m (0.2ms)[0m  BEGIN
  [1m[36m (25.8ms)[0m  [1mCREATE TABLE "users" ("id" serial primary key, "oath_token" character varying(255), "gh_username" character varying(255), "created_at" timestamp, "updated_at" timestamp) [0m
  [1m[35mSQL (0.4ms)[0m  INSERT INTO "schema_migrations" ("version") VALUES ($1)  [["version", "20140912035449"]]
  [1m[36m (0.4ms)[0m  [1mCOMMIT[0m
Migrating to CreateGroups (20140912041017)
  [1m[35m (6.1ms)[0m  BEGIN
  [1m[36m (16.8ms)[0m  [1mCREATE TABLE "groups" ("id" serial primary key, "section_number" character varying(255), "name" character varying(255), "created_at" timestamp, "updated_at" timestamp) [0m
  [1m[35mSQL (0.2ms)[0m  INSERT INTO "schema_migrations" ("version") VALUES ($1)  [["version", "20140912041017"]]
  [1m[36m (0.6ms)[0m  [1mCOMMIT[0m
Migrating to CreateLunches (20140912041759)
  [1m[35m (6.1ms)[0m  BEGIN
  [1m[36m (19.3ms)[0m  [1mCREATE TABLE "lunches" ("id" serial primary key, "name" character varying(255), "proposed_date" timestamp, "location" character varying(255), "google_map_link" character varying(255), "created_at" timestamp, "updated_at" timestamp) [0m
  [1m[35mSQL (0.2ms)[0m  INSERT INTO "schema_migrations" ("version") VALUES ($1)  [["version", "20140912041759"]]
  [1m[36m (0.7ms)[0m  [1mCOMMIT[0m
Migrating to CreateUsersLunches (20140916025911)
  [1m[35m (0.3ms)[0m  BEGIN
  [1m[36m (0.7ms)[0m  [1mCREATE TABLE "lunches_users" ("lunch_id" integer NOT NULL, "user_id" integer NOT NULL) [0m
  [1m[35mSQL (0.2ms)[0m  INSERT INTO "schema_migrations" ("version") VALUES ($1)  [["version", "20140916025911"]]
  [1m[36m (0.3ms)[0m  [1mCOMMIT[0m
  [1m[35mActiveRecord::SchemaMigration Load (0.2ms)[0m  SELECT "schema_migrations".* FROM "schema_migrations"
